<?xml version="1.0" encoding="UTF-8"?>
<testng-results ignored="0" total="2" passed="2" failed="0" skipped="0">
  <reporter-output>
  </reporter-output>
  <suite started-at="2022-09-13T23:16:13 IST" name="Default suite" finished-at="2022-09-13T23:16:13 IST" duration-ms="98">
    <groups>
    </groups>
    <test started-at="2022-09-13T23:16:13 IST" name="Default test" finished-at="2022-09-13T23:16:13 IST" duration-ms="98">
      <class name="practice.AddToCartTest">
        <test-method signature="addToCartTest()[pri:0, instance:practice.AddToCartTest@7e9131d5]" started-at="2022-09-13T23:16:13 IST" name="addToCartTest" finished-at="2022-09-13T23:16:13 IST" duration-ms="14" status="PASS">
          <reporter-output>
          </reporter-output>
        </test-method> <!-- addToCartTest -->
        <test-method signature="removeFromCartTest()[pri:0, instance:practice.AddToCartTest@7e9131d5]" started-at="2022-09-13T23:16:13 IST" name="removeFromCartTest" finished-at="2022-09-13T23:16:13 IST" duration-ms="3" status="PASS">
          <reporter-output>
          </reporter-output>
        </test-method> <!-- removeFromCartTest -->
      </class> <!-- practice.AddToCartTest -->
    </test> <!-- Default test -->
  </suite> <!-- Default suite -->
</testng-results>
